(---------------------------------------------------------------------)
(                                                                     )
(    ARTWORK LOG                                                      )
(                                                                     )
(    Drawing          : CHRG_V1.brd                                   )
(    Software Version : 16.6S036                                      )
(    Date/Time        : Mon Sep 26 20:19:35 2016                      )
(                                                                     )
(---------------------------------------------------------------------)


 ---- Photoplot outline rectangle not found; using drawing extents.



Results from parameter file ...
    DEVICE-TYPE           GERBER_RS274X
    OUTPUT-UNITS          MM
    FILM-SIZE             2400000 1600000
    FORMAT                5.5
    ABORT-ON-ERROR        NO
    SCALE                 1
    SUPPRESS-LEAD-ZEROES  YES
    SUPPRESS-TRAIL-ZEROES NO
    SUPPRESS-EQUAL        YES
    UNDEF-APT-CONT        NO


================================================================
     PROCESSING FILM < TOP >
     TO FILE < F:/3C/BA/CHRG_V1/GERBER/TOP.art > ...
================================================================

  FILM PARAMETERS :
  ---------------------------------------------------------
  Undefined line width                0.1270
  Mirror code                         NONE
  Rotate angle                        NONE
  Offset x:                           0.0000
  Offset y:                           0.0000
  Plot negative                       NO
  Suppress unconnected internal pads  NO
  Draw holes only                     NO

    WARNING: 0 width line found at (-26.8470 -6.1750)
           ... using undefined line width of 0.1270

    WARNING: Multiple 0 width lines; all will be treated the same as the first.
           ... using undefined line width of 0.1270



  APERTURES USED:
  ---------------------------------------------------------
  TYPE       SIZE/NAME                   ROT   MIRROR MODE 
  ---------------------------------------------------------
  CIRCLE     0.10000                                  DARK 
  CIRCLE     0.12500                                  DARK 
  CIRCLE     0.12700                                  DARK 
  CIRCLE     0.20000                                  DARK 
  CIRCLE     0.30000                                  DARK 
  SQUARE     0.80000                     0.000 NO     DARK 
  RECTANGLE  0.62500     x 0.42500      90.000 NO     DARK 
  RECTANGLE  1.00000     x 0.60000       0.000 NO     DARK 
  RECTANGLE  2.50000     x 0.35000       0.000 NO     DARK 
  RECTANGLE  2.50000     x 0.80000       0.000 NO     DARK 

     TOP created with warnings


================================================================
     PROCESSING FILM < BOTTOM >
     TO FILE < F:/3C/BA/CHRG_V1/GERBER/BOTTOM.art > ...
================================================================

  FILM PARAMETERS :
  ---------------------------------------------------------
  Undefined line width                0.1270
  Mirror code                         NONE
  Rotate angle                        NONE
  Offset x:                           0.0000
  Offset y:                           0.0000
  Plot negative                       NO
  Suppress unconnected internal pads  NO
  Draw holes only                     NO



  APERTURES USED:
  ---------------------------------------------------------
  TYPE       SIZE/NAME                   ROT   MIRROR MODE 
  ---------------------------------------------------------
  CIRCLE     0.10000                                  DARK 
  CIRCLE     0.12500                                  DARK 
  CIRCLE     0.12700                                  DARK 
  RECTANGLE  2.50000     x 0.80000       0.000 NO     DARK 

     BOTTOM created.


================================================================
     PROCESSING FILM < SOLDERMASK_TOP >
     TO FILE < F:/3C/BA/CHRG_V1/GERBER/SOLDERMASK_TOP.art > ...
================================================================

  FILM PARAMETERS :
  ---------------------------------------------------------
  Undefined line width                0.1270
  Mirror code                         NONE
  Rotate angle                        NONE
  Offset x:                           0.0000
  Offset y:                           0.0000
  Plot negative                       NO
  Suppress unconnected internal pads  NO
  Draw holes only                     NO



  APERTURES USED:
  ---------------------------------------------------------
  TYPE       SIZE/NAME                   ROT   MIRROR MODE 
  ---------------------------------------------------------
  CIRCLE     0.10000                                  DARK 
  CIRCLE     0.12500                                  DARK 
  CIRCLE     0.12700                                  DARK 
  SQUARE     0.90000                     0.000 NO     DARK 
  RECTANGLE  0.72500     x 0.52500      90.000 NO     DARK 
  RECTANGLE  1.10000     x 0.70000       0.000 NO     DARK 
  RECTANGLE  2.60000     x 0.45000       0.000 NO     DARK 
  RECTANGLE  2.60000     x 0.90000       0.000 NO     DARK 

     SOLDERMASK_TOP created.


================================================================
     PROCESSING FILM < SOLDERMASK_BOTTOM >
     TO FILE < F:/3C/BA/CHRG_V1/GERBER/SOLDERMASK_BOTTOM.art > ...
================================================================

  FILM PARAMETERS :
  ---------------------------------------------------------
  Undefined line width                0.1270
  Mirror code                         NONE
  Rotate angle                        NONE
  Offset x:                           0.0000
  Offset y:                           0.0000
  Plot negative                       NO
  Suppress unconnected internal pads  NO
  Draw holes only                     NO



  APERTURES USED:
  ---------------------------------------------------------
  TYPE       SIZE/NAME                   ROT   MIRROR MODE 
  ---------------------------------------------------------
  CIRCLE     0.10000                                  DARK 
  CIRCLE     0.12500                                  DARK 
  CIRCLE     0.12700                                  DARK 
  RECTANGLE  2.60000     x 0.90000       0.000 NO     DARK 

     SOLDERMASK_BOTTOM created.


================================================================
     PROCESSING FILM < PASTEMASK_TOP >
     TO FILE < F:/3C/BA/CHRG_V1/GERBER/PASTEMASK_TOP.art > ...
================================================================

  FILM PARAMETERS :
  ---------------------------------------------------------
  Undefined line width                0.1270
  Mirror code                         NONE
  Rotate angle                        NONE
  Offset x:                           0.0000
  Offset y:                           0.0000
  Plot negative                       NO
  Suppress unconnected internal pads  NO
  Draw holes only                     NO



  APERTURES USED:
  ---------------------------------------------------------
  TYPE       SIZE/NAME                   ROT   MIRROR MODE 
  ---------------------------------------------------------
  CIRCLE     0.10000                                  DARK 
  CIRCLE     0.12500                                  DARK 
  CIRCLE     0.12700                                  DARK 
  SQUARE     0.80000                     0.000 NO     DARK 
  RECTANGLE  0.62500     x 0.42500      90.000 NO     DARK 
  RECTANGLE  1.00000     x 0.60000       0.000 NO     DARK 
  RECTANGLE  2.50000     x 0.80000       0.000 NO     DARK 

     PASTEMASK_TOP created.


================================================================
     PROCESSING FILM < PASTEMASK_BOTTOM >
     TO FILE < F:/3C/BA/CHRG_V1/GERBER/PASTEMASK_BOTTOM.art > ...
================================================================

  FILM PARAMETERS :
  ---------------------------------------------------------
  Undefined line width                0.1270
  Mirror code                         NONE
  Rotate angle                        NONE
  Offset x:                           0.0000
  Offset y:                           0.0000
  Plot negative                       NO
  Suppress unconnected internal pads  NO
  Draw holes only                     NO



  APERTURES USED:
  ---------------------------------------------------------
  TYPE       SIZE/NAME                   ROT   MIRROR MODE 
  ---------------------------------------------------------
  CIRCLE     0.10000                                  DARK 
  CIRCLE     0.12500                                  DARK 
  CIRCLE     0.12700                                  DARK 
  RECTANGLE  2.50000     x 0.80000       0.000 NO     DARK 

     PASTEMASK_BOTTOM created.


================================================================
     PROCESSING FILM < SILK_TOP >
     TO FILE < F:/3C/BA/CHRG_V1/GERBER/SILK_TOP.art > ...
================================================================

  FILM PARAMETERS :
  ---------------------------------------------------------
  Undefined line width                0.1270
  Mirror code                         NONE
  Rotate angle                        NONE
  Offset x:                           0.0000
  Offset y:                           0.0000
  Plot negative                       NO
  Suppress unconnected internal pads  NO
  Draw holes only                     NO



  APERTURES USED:
  ---------------------------------------------------------
  TYPE       SIZE/NAME                   ROT   MIRROR MODE 
  ---------------------------------------------------------
  CIRCLE     0.10000                                  DARK 
  CIRCLE     0.12500                                  DARK 
  CIRCLE     0.12700                                  DARK 
  CIRCLE     0.20000                                  DARK 

     SILK_TOP created.


================================================================
     PROCESSING FILM < SILK_BOTTOM >
     TO FILE < F:/3C/BA/CHRG_V1/GERBER/SILK_BOTTOM.art > ...
================================================================

  FILM PARAMETERS :
  ---------------------------------------------------------
  Undefined line width                0.1270
  Mirror code                         NONE
  Rotate angle                        NONE
  Offset x:                           0.0000
  Offset y:                           0.0000
  Plot negative                       NO
  Suppress unconnected internal pads  NO
  Draw holes only                     NO



  APERTURES USED:
  ---------------------------------------------------------
  TYPE       SIZE/NAME                   ROT   MIRROR MODE 
  ---------------------------------------------------------
  CIRCLE     0.10000                                  DARK 
  CIRCLE     0.12500                                  DARK 
  CIRCLE     0.12700                                  DARK 
  CIRCLE     0.15000                                  DARK 
  CIRCLE     0.25400                                  DARK 

     SILK_BOTTOM created.


================================================================
     PROCESSING FILM < outline_panel >
     TO FILE < F:/3C/BA/CHRG_V1/GERBER/outline_panel.art > ...
================================================================

  FILM PARAMETERS :
  ---------------------------------------------------------
  Undefined line width                0.0500
  Mirror code                         NONE
  Rotate angle                        NONE
  Offset x:                           0.0000
  Offset y:                           0.0000
  Plot negative                       NO
  Suppress unconnected internal pads  NO
  Draw holes only                     NO



  APERTURES USED:
  ---------------------------------------------------------
  TYPE       SIZE/NAME                   ROT   MIRROR MODE 
  ---------------------------------------------------------
  CIRCLE     0.05000                                  DARK 
  CIRCLE     0.10000                                  DARK 
  CIRCLE     0.12500                                  DARK 

     outline_panel created.


------------------------------------------------------
 SUMMARY:
        TOP created with warnings
        BOTTOM created.
        SOLDERMASK_TOP created.
        SOLDERMASK_BOTTOM created.
        PASTEMASK_TOP created.
        PASTEMASK_BOTTOM created.
        SILK_TOP created.
        SILK_BOTTOM created.
        outline_panel created.

 ARTWORK had warnings
